# Logfile created on 2022-09-29 13:45:47 +0000 by logger.rb/47272
I, [2022-09-29T13:45:48.442302 #74]  INFO -- : Running example 'Verifying a pact between personConsumer and personProvider Given Person Dade Murphy (Zero Cool) exists GET person for id: abc-123-def-456 with GET /person/abc-123-def-456 returns a response which has status code 200'
I, [2022-09-29T13:45:48.444711 #74]  INFO -- : Sending GET request to path: "/person/abc-123-def-456" with headers: {"HTTP_ACCEPT"=>"application/json", "HTTP_X_PACT_ORIGINAL_HEADER_NAMES"=>"Accept", "X_PACT_PROVIDER_STATES"=>[{"name"=>"Person Dade Murphy (Zero Cool) exists"}]}, see debug logs for body
D, [2022-09-29T13:45:48.445400 #74] DEBUG -- : body :
I, [2022-09-29T13:45:48.654706 #74]  INFO -- : Received response with status: 200, headers: {"Content-Type"=>"application/json", "Access-Control-Allow-Origin"=>"*", "Content-Length"=>"62", "Date"=>"Thu, 29 Sep 2022 13:45:48 GMT"}, see debug logs for body
D, [2022-09-29T13:45:48.655725 #74] DEBUG -- : body: {"alias":"Zero Cool","first_name":"Dade","last_name":"Murphy"}
I, [2022-09-29T13:53:08.020895 #131]  INFO -- : Running example 'Verifying a pact between personConsumer and personProvider Given Person Dade Murphy (Zero Cool) exists GET person for id: abc-123-def-456 with GET /person/abc-123-def-456 returns a response which has status code 200'
I, [2022-09-29T13:53:08.025481 #131]  INFO -- : Sending GET request to path: "/person/abc-123-def-456" with headers: {"HTTP_ACCEPT"=>"application/json", "HTTP_X_PACT_ORIGINAL_HEADER_NAMES"=>"Accept", "X_PACT_PROVIDER_STATES"=>[{"name"=>"Person Dade Murphy (Zero Cool) exists"}]}, see debug logs for body
D, [2022-09-29T13:53:08.026162 #131] DEBUG -- : body :
I, [2022-09-29T13:53:10.440162 #131]  INFO -- : Received response with status: 500, headers: {"Date"=>"Thu, 29 Sep 2022 13:53:08 GMT", "Server"=>"Apache/2.4.54 (Debian)", "X-Powered-By"=>"PHP/8.1.10", "Cache-Control"=>"no-cache, private", "X-Debug-Token"=>"27135d", "X-Debug-Token-Link"=>"http://localhost/_profiler/27135d", "X-Robots-Tag"=>"noindex", "Content-Length"=>"95", "Connection"=>"close", "Content-Type"=>"application/json"}, see debug logs for body
D, [2022-09-29T13:53:10.441217 #131] DEBUG -- : body: {"code":500,"message":"No route found for \"GET http:\/\/localhost\/person\/abc-123-def-456\""}
I, [2022-09-29T13:55:24.851398 #192]  INFO -- : Running example 'Verifying a pact between personConsumer and personProvider Given Person Dade Murphy (Zero Cool) exists GET person for id: abc-123-def-456 with GET /person/abc-123-def-456 returns a response which has status code 200'
I, [2022-09-29T13:55:24.856826 #192]  INFO -- : Sending GET request to path: "/person/abc-123-def-456" with headers: {"HTTP_ACCEPT"=>"application/json", "HTTP_X_PACT_ORIGINAL_HEADER_NAMES"=>"Accept", "X_PACT_PROVIDER_STATES"=>[{"name"=>"Person Dade Murphy (Zero Cool) exists"}]}, see debug logs for body
D, [2022-09-29T13:55:24.857738 #192] DEBUG -- : body :
I, [2022-09-29T13:55:26.420759 #192]  INFO -- : Received response with status: 404, headers: {"Date"=>"Thu, 29 Sep 2022 13:55:25 GMT", "Server"=>"Apache/2.4.54 (Debian)", "X-Powered-By"=>"PHP/8.1.10", "Cache-Control"=>"no-cache, private", "X-Debug-Token"=>"28cf29", "X-Debug-Token-Link"=>"http://localhost/_profiler/28cf29", "X-Robots-Tag"=>"noindex", "Content-Length"=>"95", "Content-Type"=>"application/json"}, see debug logs for body
D, [2022-09-29T13:55:26.421965 #192] DEBUG -- : body: {"code":404,"message":"No route found for \"GET http:\/\/localhost\/person\/abc-123-def-456\""}
I, [2022-09-29T16:26:22.097947 #1659]  INFO -- : Running example 'Verifying a pact between gameConsumer and gameProvider A get request to /api/game/{id} with GET /api/game/611cf3e5-c517-4aff-996e-446a02b308d2 returns a response which has status code 200'
I, [2022-09-29T16:26:22.101653 #1659]  INFO -- : Sending GET request to path: "/api/game/611cf3e5-c517-4aff-996e-446a02b308d2" with headers: {"HTTP_ACCEPT"=>"application/json", "HTTP_X_PACT_ORIGINAL_HEADER_NAMES"=>"Accept"}, see debug logs for body
D, [2022-09-29T16:26:22.102283 #1659] DEBUG -- : body :
I, [2022-09-29T16:26:24.016502 #1659]  INFO -- : Received response with status: 200, headers: {"Date"=>"Thu, 29 Sep 2022 16:26:22 GMT", "Server"=>"Apache/2.4.54 (Debian)", "X-Powered-By"=>"PHP/8.1.10", "Cache-Control"=>"no-cache, private", "X-Debug-Token"=>"939755", "X-Debug-Token-Link"=>"http://localhost/_profiler/939755", "X-Robots-Tag"=>"noindex", "Content-Length"=>"947", "Content-Type"=>"application/json"}, see debug logs for body
D, [2022-09-29T16:26:24.017824 #1659] DEBUG -- : body: {"id":"611cf3e5-c517-4aff-996e-446a02b308d2","players":{"ec7c658e-6f6f-4fda-a8e0-878cd54d7177":{"id":"ec7c658e-6f6f-4fda-a8e0-878cd54d7177","hand":[["clubs","5"],["diams","4"],["spades","Q"]],"wonCards":[]},"674f74a7-f1be-4576-a80d-c5ef0260ad76":{"id":"674f74a7-f1be-4576-a80d-c5ef0260ad76","hand":[["hearts","5"],["clubs","4"],["clubs","2"]],"wonCards":[]}},"deck":{"cards":[["spades","J"],["spades","6"],["hearts","3"],["diams","6"],["spades","K"],["hearts","K"],["clubs","A"],["hearts","7"],["diams","2"],["diams","J"],["diams","A"],["clubs","7"],["hearts","Q"],["diams","K"],["clubs","Q"],["hearts","6"],["hearts","J"],["spades","2"],["hearts","4"],["diams","3"],["spades","5"],["clubs","6"],["spades","A"],["diams","Q"],["clubs","3"],["spades","4"],["spades","7"],["clubs","K"],["spades","3"],["diams","7"],["hearts","2"],["diams","5"],["hearts","A"],["clubs","J"]]},"currentPlayerId":"674f74a7-f1be-4576-a80d-c5ef0260ad76","cardsOnTable":[]}
